TN:
SF:./public/config.js
FN:4,(anonymous_1)
FN:10,(anonymous_2)
FNF:2
FNH:2
FNDA:1,(anonymous_1)
FNDA:4,(anonymous_2)
DA:4,1
DA:6,1
DA:7,1
DA:10,1
DA:12,4
DA:15,4
DA:18,1
LF:7
LH:7
BRDA:12,1,0,4
BRDA:12,1,1,4
BRF:2
BRH:2
end_of_record
TN:
SF:./public/application.js
FN:8,(anonymous_1)
FN:14,(anonymous_2)
FNF:2
FNH:1
FNDA:17,(anonymous_1)
FNDA:0,(anonymous_2)
DA:4,1
DA:7,1
DA:9,17
DA:14,1
DA:16,0
DA:19,0
LF:6
LH:4
BRDA:16,1,0,0
BRDA:16,1,1,0
BRF:2
BRH:0
end_of_record
TN:
SF:./public/modules/articles/articles.client.module.js
FNF:0
FNH:0
DA:4,1
LF:1
LH:1
BRF:0
BRH:0
end_of_record
TN:
SF:./public/modules/core/core.client.module.js
FNF:0
FNH:0
DA:4,1
LF:1
LH:1
BRF:0
BRH:0
end_of_record
TN:
SF:./public/modules/users/users.client.module.js
FNF:0
FNH:0
DA:4,1
LF:1
LH:1
BRF:0
BRH:0
end_of_record
TN:
SF:./public/modules/waves/waves.client.module.js
FNF:0
FNH:0
DA:4,1
LF:1
LH:1
BRF:0
BRH:0
end_of_record
TN:
SF:./public/modules/articles/config/articles.client.config.js
FN:5,(anonymous_1)
FNF:1
FNH:1
FNDA:17,(anonymous_1)
DA:4,1
DA:7,17
DA:8,17
DA:9,17
LF:4
LH:4
BRF:0
BRH:0
end_of_record
TN:
SF:./public/modules/articles/config/articles.client.routes.js
FN:5,(anonymous_1)
FNF:1
FNH:1
FNDA:17,(anonymous_1)
DA:4,1
DA:7,17
LF:2
LH:2
BRF:0
BRH:0
end_of_record
TN:
SF:./public/modules/articles/controllers/articles.client.controller.js
FN:4,(anonymous_1)
FN:7,(anonymous_2)
FN:12,(anonymous_3)
FN:17,(anonymous_4)
FN:22,(anonymous_5)
FN:32,(anonymous_6)
FN:38,(anonymous_7)
FN:41,(anonymous_8)
FN:43,(anonymous_9)
FN:48,(anonymous_10)
FN:52,(anonymous_11)
FNF:11
FNH:8
FNDA:5,(anonymous_1)
FNDA:1,(anonymous_2)
FNDA:1,(anonymous_3)
FNDA:0,(anonymous_4)
FNDA:1,(anonymous_5)
FNDA:0,(anonymous_6)
FNDA:1,(anonymous_7)
FNDA:1,(anonymous_8)
FNDA:0,(anonymous_9)
FNDA:1,(anonymous_10)
FNDA:1,(anonymous_11)
DA:3,1
DA:5,5
DA:7,5
DA:8,1
DA:12,1
DA:13,1
DA:15,1
DA:16,1
DA:18,0
DA:22,5
DA:23,1
DA:24,1
DA:26,1
DA:27,1
DA:28,1
DA:32,0
DA:33,0
DA:38,5
DA:39,1
DA:41,1
DA:42,1
DA:44,0
DA:48,5
DA:49,1
DA:52,5
DA:53,1
LF:26
LH:22
BRDA:23,1,0,1
BRDA:23,1,1,0
BRDA:27,2,0,1
BRDA:27,2,1,0
BRF:4
BRH:2
end_of_record
TN:
SF:./public/modules/articles/services/articles.client.service.js
FN:5,(anonymous_1)
FNF:1
FNH:1
FNDA:5,(anonymous_1)
DA:4,1
DA:6,5
LF:2
LH:2
BRF:0
BRH:0
end_of_record
TN:
SF:./public/modules/core/config/core.client.routes.js
FN:5,(anonymous_1)
FNF:1
FNH:1
FNDA:17,(anonymous_1)
DA:4,1
DA:7,17
DA:10,17
LF:3
LH:3
BRF:0
BRH:0
end_of_record
TN:
SF:./public/modules/core/controllers/header.client.controller.js
FN:4,(anonymous_1)
FN:9,(anonymous_2)
FN:14,(anonymous_3)
FNF:3
FNH:1
FNDA:1,(anonymous_1)
FNDA:0,(anonymous_2)
FNDA:0,(anonymous_3)
DA:3,1
DA:5,1
DA:6,1
DA:7,1
DA:9,1
DA:10,0
DA:14,1
DA:15,0
LF:8
LH:6
BRF:0
BRH:0
end_of_record
TN:
SF:./public/modules/core/controllers/home.client.controller.js
FN:5,(anonymous_1)
FNF:1
FNH:1
FNDA:1,(anonymous_1)
DA:4,1
DA:7,1
LF:2
LH:2
BRF:0
BRH:0
end_of_record
TN:
SF:./public/modules/core/services/menus.client.service.js
FN:6,(anonymous_1)
FN:14,(anonymous_2)
FN:35,(anonymous_3)
FN:50,(anonymous_4)
FN:59,(anonymous_5)
FN:73,(anonymous_6)
FN:82,(anonymous_7)
FN:105,(anonymous_8)
FN:130,(anonymous_9)
FN:146,(anonymous_10)
FNF:10
FNH:6
FNDA:17,(anonymous_1)
FNDA:0,(anonymous_2)
FNDA:103,(anonymous_3)
FNDA:1,(anonymous_4)
FNDA:17,(anonymous_5)
FNDA:0,(anonymous_6)
FNDA:34,(anonymous_7)
FNDA:68,(anonymous_8)
FNDA:0,(anonymous_9)
FNDA:0,(anonymous_10)
DA:4,1
DA:8,17
DA:11,17
DA:14,17
DA:15,0
DA:16,0
DA:17,0
DA:19,0
DA:20,0
DA:21,0
DA:22,0
DA:28,0
DA:31,0
DA:35,17
DA:36,103
DA:37,103
DA:38,103
DA:40,0
DA:43,0
DA:46,0
DA:50,17
DA:52,1
DA:55,1
DA:59,17
DA:61,17
DA:69,17
DA:73,17
DA:75,0
DA:78,0
DA:82,17
DA:84,34
DA:87,34
DA:101,34
DA:105,17
DA:107,68
DA:110,68
DA:111,102
DA:113,68
DA:126,68
DA:130,17
DA:132,0
DA:135,0
DA:136,0
DA:137,0
DA:142,0
DA:146,17
DA:148,0
DA:151,0
DA:152,0
DA:153,0
DA:154,0
DA:160,0
DA:164,17
LF:53
LH:28
BRDA:15,1,0,0
BRDA:15,1,1,0
BRDA:16,2,0,0
BRDA:16,2,1,0
BRDA:21,3,0,0
BRDA:21,3,1,0
BRDA:36,4,0,103
BRDA:36,4,1,0
BRDA:36,5,0,103
BRDA:36,5,1,103
BRDA:37,6,0,103
BRDA:37,6,1,0
BRDA:62,7,0,17
BRDA:62,7,1,17
BRDA:63,8,0,17
BRDA:63,8,1,17
BRDA:90,9,0,34
BRDA:90,9,1,0
BRDA:92,10,0,34
BRDA:92,10,1,0
BRDA:93,11,0,34
BRDA:93,11,1,0
BRDA:93,12,0,34
BRDA:93,12,1,34
BRDA:94,13,0,34
BRDA:94,13,1,0
BRDA:94,14,0,34
BRDA:94,14,1,34
BRDA:95,15,0,34
BRDA:95,15,1,34
BRDA:111,16,0,68
BRDA:111,16,1,34
BRDA:116,17,0,68
BRDA:116,17,1,68
BRDA:117,18,0,68
BRDA:117,18,1,0
BRDA:117,19,0,68
BRDA:117,19,1,68
BRDA:118,20,0,68
BRDA:118,20,1,0
BRDA:118,21,0,68
BRDA:118,21,1,68
BRDA:119,22,0,68
BRDA:119,22,1,68
BRDA:136,23,0,0
BRDA:136,23,1,0
BRDA:153,24,0,0
BRDA:153,24,1,0
BRF:48
BRH:30
end_of_record
TN:
SF:./public/modules/users/config/users.client.config.js
FN:5,(anonymous_1)
FN:8,(anonymous_2)
FN:10,(anonymous_3)
FNF:3
FNH:3
FNDA:17,(anonymous_1)
FNDA:15,(anonymous_2)
FNDA:3,(anonymous_3)
DA:4,1
DA:7,17
DA:9,15
DA:11,3
DA:14,0
DA:17,0
DA:18,0
DA:21,0
DA:24,3
LF:9
LH:5
BRDA:11,1,0,0
BRDA:11,1,1,0
BRF:2
BRH:0
end_of_record
TN:
SF:./public/modules/users/config/users.client.routes.js
FN:5,(anonymous_1)
FNF:1
FNH:1
FNDA:17,(anonymous_1)
DA:4,1
DA:7,17
LF:2
LH:2
BRF:0
BRH:0
end_of_record
TN:
SF:./public/modules/users/controllers/authentication.client.controller.js
FN:4,(anonymous_1)
FN:10,(anonymous_2)
FN:11,(anonymous_3)
FN:17,(anonymous_4)
FN:22,(anonymous_5)
FN:23,(anonymous_6)
FN:29,(anonymous_7)
FNF:7
FNH:7
FNDA:5,(anonymous_1)
FNDA:2,(anonymous_2)
FNDA:1,(anonymous_3)
FNDA:1,(anonymous_4)
FNDA:3,(anonymous_5)
FNDA:1,(anonymous_6)
FNDA:2,(anonymous_7)
DA:3,1
DA:5,5
DA:8,5
DA:10,5
DA:11,2
DA:13,1
DA:16,1
DA:18,1
DA:22,5
DA:23,3
DA:25,1
DA:28,1
DA:30,2
LF:13
LH:13
BRDA:8,1,0,0
BRDA:8,1,1,5
BRF:2
BRH:1
end_of_record
TN:
SF:./public/modules/users/controllers/password.client.controller.js
FN:4,(anonymous_1)
FN:11,(anonymous_2)
FN:14,(anonymous_3)
FN:19,(anonymous_4)
FN:27,(anonymous_5)
FN:30,(anonymous_6)
FN:39,(anonymous_7)
FNF:7
FNH:0
FNDA:0,(anonymous_1)
FNDA:0,(anonymous_2)
FNDA:0,(anonymous_3)
FNDA:0,(anonymous_4)
FNDA:0,(anonymous_5)
FNDA:0,(anonymous_6)
FNDA:0,(anonymous_7)
DA:3,1
DA:5,0
DA:8,0
DA:11,0
DA:12,0
DA:14,0
DA:16,0
DA:17,0
DA:21,0
DA:22,0
DA:27,0
DA:28,0
DA:30,0
DA:32,0
DA:35,0
DA:38,0
DA:40,0
LF:17
LH:1
BRDA:8,1,0,0
BRDA:8,1,1,0
BRF:2
BRH:0
end_of_record
TN:
SF:./public/modules/users/controllers/settings.client.controller.js
FN:4,(anonymous_1)
FN:11,(anonymous_2)
FN:20,(anonymous_3)
FN:25,(anonymous_4)
FN:32,(anonymous_5)
FN:36,(anonymous_6)
FN:42,(anonymous_7)
FN:47,(anonymous_8)
FN:50,(anonymous_9)
FN:59,(anonymous_10)
FN:62,(anonymous_11)
FN:66,(anonymous_12)
FNF:12
FNH:0
FNDA:0,(anonymous_1)
FNDA:0,(anonymous_2)
FNDA:0,(anonymous_3)
FNDA:0,(anonymous_4)
FNDA:0,(anonymous_5)
FNDA:0,(anonymous_6)
FNDA:0,(anonymous_7)
FNDA:0,(anonymous_8)
FNDA:0,(anonymous_9)
FNDA:0,(anonymous_10)
FNDA:0,(anonymous_11)
FNDA:0,(anonymous_12)
DA:3,1
DA:5,0
DA:8,0
DA:11,0
DA:12,0
DA:13,0
DA:16,0
DA:20,0
DA:21,0
DA:25,0
DA:26,0
DA:28,0
DA:34,0
DA:35,0
DA:37,0
DA:42,0
DA:43,0
DA:44,0
DA:45,0
DA:47,0
DA:48,0
DA:49,0
DA:51,0
DA:54,0
DA:59,0
DA:60,0
DA:62,0
DA:64,0
DA:65,0
DA:67,0
LF:30
LH:1
BRDA:8,1,0,0
BRDA:8,1,1,0
BRDA:21,2,0,0
BRDA:21,2,1,0
BRDA:21,2,2,0
BRDA:43,3,0,0
BRDA:43,3,1,0
BRF:7
BRH:0
end_of_record
TN:
SF:./public/modules/users/services/authentication.client.service.js
FN:5,(anonymous_1)
FNF:1
FNH:1
FNDA:17,(anonymous_1)
DA:4,1
DA:6,17
DA:8,17
DA:12,17
LF:4
LH:4
BRF:0
BRH:0
end_of_record
TN:
SF:./public/modules/users/services/users.client.service.js
FN:5,(anonymous_1)
FNF:1
FNH:0
FNDA:0,(anonymous_1)
DA:4,1
DA:6,0
LF:2
LH:1
BRF:0
BRH:0
end_of_record
TN:
SF:./public/modules/waves/config/waves.client.config.js
FN:5,(anonymous_1)
FNF:1
FNH:1
FNDA:17,(anonymous_1)
DA:4,1
DA:7,17
DA:8,17
DA:9,17
LF:4
LH:4
BRF:0
BRH:0
end_of_record
TN:
SF:./public/modules/waves/config/waves.client.routes.js
FN:5,(anonymous_1)
FNF:1
FNH:1
FNDA:17,(anonymous_1)
DA:4,1
DA:7,17
LF:2
LH:2
BRF:0
BRH:0
end_of_record
TN:
SF:./public/modules/waves/controllers/waves.client.controller.js
FN:5,(anonymous_1)
FN:9,(anonymous_2)
FN:16,(anonymous_3)
FN:21,(anonymous_4)
FN:27,(anonymous_5)
FN:37,(anonymous_6)
FN:44,(anonymous_7)
FN:47,(anonymous_8)
FN:49,(anonymous_9)
FN:55,(anonymous_10)
FN:60,(anonymous_11)
FNF:11
FNH:8
FNDA:5,(anonymous_1)
FNDA:1,(anonymous_2)
FNDA:1,(anonymous_3)
FNDA:0,(anonymous_4)
FNDA:1,(anonymous_5)
FNDA:0,(anonymous_6)
FNDA:1,(anonymous_7)
FNDA:1,(anonymous_8)
FNDA:0,(anonymous_9)
FNDA:1,(anonymous_10)
FNDA:1,(anonymous_11)
DA:4,1
DA:6,5
DA:9,5
DA:11,1
DA:16,1
DA:17,1
DA:20,1
DA:22,0
DA:27,5
DA:28,1
DA:29,1
DA:31,1
DA:32,1
DA:33,1
DA:37,0
DA:38,0
DA:44,5
DA:45,1
DA:47,1
DA:48,1
DA:50,0
DA:55,5
DA:56,1
DA:60,5
DA:61,1
LF:25
LH:21
BRDA:28,1,0,1
BRDA:28,1,1,0
BRDA:32,2,0,1
BRDA:32,2,1,0
BRF:4
BRH:2
end_of_record
TN:
SF:./public/modules/waves/services/waves.client.service.js
FN:5,(anonymous_1)
FNF:1
FNH:1
FNDA:5,(anonymous_1)
DA:4,1
DA:6,5
LF:2
LH:2
BRF:0
BRH:0
end_of_record
